
1월 17, 2024 13:56:19.692 NEW SESSION
1월 17, 2024 13:56:19.692 [8552:6468:0117/135619.691:ERROR:CONSOLE(0)] "ReferenceError: dragEvent is not defined", source:  (0)
1월 17, 2024 13:59:33.450 [8552:6468:0117/135933.450:ERROR:CONSOLE(0)] "ReferenceError: dragEvent is not defined", source:  (0)
1월 17, 2024 13:59:35.362 [8552:6468:0117/135935.362:ERROR:CONSOLE(0)] "ReferenceError: dragEvent is not defined", source:  (0)
1월 17, 2024 13:59:40.153 [8552:6468:0117/135940.153:ERROR:CONSOLE(0)] "ReferenceError: dragEvent is not defined", source:  (0)
1월 17, 2024 13:59:51.422 [8552:6468:0117/135951.422:ERROR:CONSOLE(0)] "ReferenceError: dragEvent is not defined", source:  (0)
1월 17, 2024 13:59:55.141 [8552:6468:0117/135955.141:ERROR:CONSOLE(0)] "ReferenceError: dragEvent is not defined", source:  (0)
1월 17, 2024 13:59:56.370 [8552:6468:0117/135956.370:ERROR:CONSOLE(0)] "ReferenceError: dragEvent is not defined", source:  (0)
1월 17, 2024 14:00:39.784 [8552:6468:0117/140039.784:ERROR:CONSOLE(0)] "ReferenceError: dragEvent is not defined", source:  (0)
1월 17, 2024 14:16:35.224 [3152:3028:0117/141635.223:ERROR:CONSOLE(0)] "ReferenceError: dragEvent is not defined", source:  (0)
1월 17, 2024 14:16:37.403 [3152:3028:0117/141637.403:ERROR:CONSOLE(0)] "ReferenceError: dragEvent is not defined", source:  (0)
1월 17, 2024 14:18:17.38 [13784:8900:0117/141817.038:ERROR:CONSOLE(0)] "ReferenceError: dragEvent is not defined", source:  (0)
1월 17, 2024 14:25:41.526 [13784:8900:0117/142541.526:ERROR:CONSOLE(0)] "ReferenceError: dragEvent is not defined", source:  (0)
1월 17, 2024 14:25:44.609 [13784:8900:0117/142544.609:ERROR:CONSOLE(0)] "ReferenceError: dragEvent is not defined", source:  (0)
1월 17, 2024 14:28:52.294 [13784:8900:0117/142852.294:ERROR:CONSOLE(0)] "ReferenceError: dragEvent is not defined", source:  (0)
1월 17, 2024 14:46:44.947 [7604:12628:0117/144644.947:ERROR:CONSOLE(1)] "Uncaught (in promise) RangeError: Invalid line number 48 in 1-line document", source: devtools://devtools/bundled/devtools-frontend/front_end/third_party/codemirror.next/chunk/codemirror.js (1)
1월 17, 2024 14:46:46.547 [7604:12628:0117/144646.547:ERROR:CONSOLE(0)] "ReferenceError: dragEvent is not defined", source:  (0)
1월 17, 2024 14:46:47.138 [7604:12628:0117/144647.137:ERROR:CONSOLE(0)] "ReferenceError: dragEvent is not defined", source:  (0)
1월 17, 2024 14:47:06.119 [7604:12628:0117/144706.119:ERROR:CONSOLE(0)] "ReferenceError: dragEvent is not defined", source:  (0)
1월 17, 2024 14:50:53.292 [7604:12628:0117/145053.292:ERROR:CONSOLE(0)] "ReferenceError: dragEvent is not defined", source:  (0)
1월 17, 2024 14:51:25.480 [7604:12628:0117/145125.480:ERROR:CONSOLE(0)] "ReferenceError: dragEvent is not defined", source:  (0)
1월 17, 2024 15:01:57.202 [7604:12628:0117/150157.202:ERROR:CONSOLE(0)] "ReferenceError: dragEvent is not defined", source:  (0)
1월 17, 2024 15:02:03.806 [7604:12628:0117/150203.806:ERROR:CONSOLE(0)] "ReferenceError: dragEvent is not defined", source:  (0)
1월 17, 2024 15:03:57.740 [9304:1352:0117/150357.740:ERROR:CONSOLE(0)] "ReferenceError: dragEvent is not defined", source:  (0)
1월 17, 2024 15:04:00.307 [9304:1352:0117/150400.307:ERROR:CONSOLE(0)] "ReferenceError: dragEvent is not defined", source:  (0)
1월 17, 2024 15:04:16.283 [9304:1352:0117/150416.283:ERROR:CONSOLE(0)] "ReferenceError: dragEvent is not defined", source:  (0)
1월 17, 2024 15:04:22.54 [9304:1352:0117/150422.054:ERROR:CONSOLE(0)] "ReferenceError: dragEvent is not defined", source:  (0)
1월 17, 2024 15:05:35.611 [9304:1352:0117/150535.611:ERROR:CONSOLE(0)] "ReferenceError: dragEvent is not defined", source:  (0)
1월 17, 2024 15:10:05.826 [5680:2144:0117/151005.826:ERROR:CONSOLE(0)] "ReferenceError: dragEvent is not defined", source:  (0)

1월 18, 2024 09:10:19.352 NEW SESSION
1월 18, 2024 09:10:19.352 [4192:4200:0118/091019.350:ERROR:CONSOLE(0)] "ReferenceError: dragEvent is not defined", source:  (0)
1월 18, 2024 09:29:55.296 [5032:3248:0118/092955.295:ERROR:CONSOLE(0)] "ReferenceError: dragEvent is not defined", source:  (0)
1월 18, 2024 09:30:12.357 [5032:3248:0118/093012.356:ERROR:CONSOLE(0)] "ReferenceError: dragEvent is not defined", source:  (0)
1월 18, 2024 09:30:16.45 [5032:3248:0118/093016.045:ERROR:CONSOLE(0)] "ReferenceError: dragEvent is not defined", source:  (0)
1월 18, 2024 09:45:22.186 [2168:4720:0118/094522.186:ERROR:CONSOLE(0)] "ReferenceError: dragEvent is not defined", source:  (0)
1월 18, 2024 09:46:59.631 [4216:7680:0118/094659.631:ERROR:CONSOLE(0)] "ReferenceError: dragEvent is not defined", source:  (0)
1월 18, 2024 09:53:25.257 [4216:7680:0118/095325.257:ERROR:CONSOLE(1)] "Request Network.loadNetworkResource failed. {"code":-32602,"message":"Unsupported URL scheme"}", source: devtools://devtools/bundled/devtools-frontend/front_end/core/protocol_client/protocol_client.js (1)
1월 18, 2024 09:58:29.295 [4216:7680:0118/095829.294:ERROR:CONSOLE(0)] "ReferenceError: dragEvent is not defined", source:  (0)
1월 18, 2024 09:58:30.385 [4216:7680:0118/095830.385:ERROR:CONSOLE(0)] "ReferenceError: dragEvent is not defined", source:  (0)
1월 18, 2024 10:00:30.319 [4216:7680:0118/100030.319:ERROR:CONSOLE(0)] "ReferenceError: dragEvent is not defined", source:  (0)
1월 18, 2024 10:55:42.204 INFO: Created TensorFlow Lite XNNPACK delegate for CPU.
1월 18, 2024 13:26:10.422 [12556:3944:0118/132610.422:ERROR:CONSOLE(1)] "Uncaught (in promise) RangeError: Invalid line number 61 in 1-line document", source: devtools://devtools/bundled/devtools-frontend/front_end/third_party/codemirror.next/chunk/codemirror.js (1)
1월 18, 2024 13:26:16.390 [12556:3944:0118/132616.390:ERROR:CONSOLE(0)] "ReferenceError: dragEvent is not defined", source:  (0)
1월 18, 2024 13:26:34.860 [12556:3944:0118/132634.860:ERROR:CONSOLE(0)] "ReferenceError: dragEvent is not defined", source:  (0)
1월 18, 2024 13:36:11.822 [13604:8444:0118/133611.822:ERROR:CONSOLE(1)] "Uncaught (in promise) RangeError: Invalid line number 49 in 1-line document", source: devtools://devtools/bundled/devtools-frontend/front_end/third_party/codemirror.next/chunk/codemirror.js (1)
1월 18, 2024 13:36:14.780 [13604:8444:0118/133614.780:ERROR:CONSOLE(0)] "ReferenceError: dragEvent is not defined", source:  (0)
1월 18, 2024 13:36:27.340 [13604:8444:0118/133627.340:ERROR:CONSOLE(1)] "Uncaught (in promise) RangeError: Invalid line number 59 in 1-line document", source: devtools://devtools/bundled/devtools-frontend/front_end/third_party/codemirror.next/chunk/codemirror.js (1)
1월 18, 2024 13:36:28.436 [13604:8444:0118/133628.436:ERROR:CONSOLE(0)] "ReferenceError: dragEvent is not defined", source:  (0)
1월 18, 2024 13:38:54.711 [3400:1920:0118/133854.711:ERROR:CONSOLE(0)] "ReferenceError: dragEvent is not defined", source:  (0)
1월 18, 2024 13:38:59.420 [3400:1920:0118/133859.420:ERROR:CONSOLE(0)] "ReferenceError: dragEvent is not defined", source:  (0)
1월 18, 2024 13:39:00.664 [3400:1920:0118/133900.664:ERROR:CONSOLE(0)] "ReferenceError: dragEvent is not defined", source:  (0)
1월 18, 2024 13:55:40.340 [13676:836:0118/135540.339:ERROR:CONSOLE(0)] "ReferenceError: dragEvent is not defined", source:  (0)
